2022-04-25 18:34:40,882:INFO:PyCaret Supervised Module
2022-04-25 18:34:40,882:INFO:ML Usecase: classification
2022-04-25 18:34:40,883:INFO:version 2.3.10
2022-04-25 18:34:40,883:INFO:Initializing setup()
2022-04-25 18:34:40,883:INFO:setup(target=Hazardous, ml_usecase=classification, available_plots={'parameter': 'Hyperparameters', 'auc': 'AUC', 'confusion_matrix': 'Confusion Matrix', 'threshold': 'Threshold', 'pr': 'Precision Recall', 'error': 'Prediction Error', 'class_report': 'Class Report', 'rfe': 'Feature Selection', 'learning': 'Learning Curve', 'manifold': 'Manifold Learning', 'calibration': 'Calibration Curve', 'vc': 'Validation Curve', 'dimension': 'Dimensions', 'feature': 'Feature Importance', 'feature_all': 'Feature Importance (All)', 'boundary': 'Decision Boundary', 'lift': 'Lift Chart', 'gain': 'Gain Chart', 'tree': 'Decision Tree', 'ks': 'KS Statistic Plot'}, train_size=0.7, test_data=None, preprocess=True, imputation_type=simple, iterative_imputation_iters=5, categorical_features=None, categorical_imputation=constant, categorical_iterative_imputer=lightgbm, ordinal_features=None, high_cardinality_features=None, high_cardinality_method=frequency, numeric_features=None, numeric_imputation=mean, numeric_iterative_imputer=lightgbm, date_features=None, ignore_features=None, normalize=False, normalize_method=zscore, transformation=False, transformation_method=yeo-johnson, handle_unknown_categorical=True, unknown_categorical_method=least_frequent, pca=False, pca_method=linear, pca_components=None, ignore_low_variance=False, combine_rare_levels=False, rare_level_threshold=0.1, bin_numeric_features=None, remove_outliers=False, outliers_threshold=0.05, remove_multicollinearity=False, multicollinearity_threshold=0.9, remove_perfect_collinearity=True, create_clusters=False, cluster_iter=20, polynomial_features=False, polynomial_degree=2, trigonometry_features=False, polynomial_threshold=0.1, group_features=None, group_names=None, feature_selection=False, feature_selection_threshold=0.8, feature_selection_method=classic, feature_interaction=False, feature_ratio=False, interaction_threshold=0.01, fix_imbalance=False, fix_imbalance_method=None, transform_target=False, transform_target_method=box-cox, data_split_shuffle=True, data_split_stratify=False, fold_strategy=stratifiedkfold, fold=10, fold_shuffle=False, fold_groups=None, n_jobs=-1, use_gpu=False, custom_pipeline=None, html=True, session_id=123, log_experiment=False, experiment_name=None, experiment_custom_tags=None, log_plots=False, log_profile=False, log_data=False, silent=False, verbose=True, profile=False, profile_kwargs=None, display=None)
2022-04-25 18:34:40,883:INFO:Checking environment
2022-04-25 18:34:40,883:INFO:python_version: 3.8.2
2022-04-25 18:34:40,883:INFO:python_build: ('v3.8.2:7b3ab5921f', 'Feb 24 2020 17:52:18')
2022-04-25 18:34:40,883:INFO:machine: x86_64
2022-04-25 18:34:40,901:INFO:platform: macOS-10.16-x86_64-i386-64bit
2022-04-25 18:34:40,903:WARNING:cannot find psutil installation. memory not traceable. Install psutil using pip to enable memory logging.
2022-04-25 18:34:40,903:INFO:Checking libraries
2022-04-25 18:34:40,903:INFO:pd==1.3.4
2022-04-25 18:34:40,903:INFO:numpy==1.21.4
2022-04-25 18:34:40,903:INFO:sklearn==0.23.2
2022-04-25 18:34:40,904:INFO:lightgbm==3.3.2
2022-04-25 18:34:40,904:WARNING:catboost not found
2022-04-25 18:34:41,040:INFO:xgboost==1.5.2
2022-04-25 18:34:41,040:INFO:mlflow==1.25.1
2022-04-25 18:34:41,040:INFO:Checking Exceptions
2022-04-25 18:34:41,041:INFO:Declaring global variables
2022-04-25 18:34:41,041:INFO:USI: f51b
2022-04-25 18:34:41,041:INFO:pycaret_globals: {'log_plots_param', 'y', '_all_models_internal', 'fold_generator', 'stratify_param', 'fold_param', 'data_before_preprocess', '_gpu_n_jobs_param', 'display_container', 'X_test', '_ml_usecase', 'transform_target_method_param', 'X', 'master_model_container', 'transform_target_param', 'logging_param', 'seed', 'X_train', 'y_test', '_available_plots', 'USI', 'n_jobs_param', 'create_model_container', 'fold_groups_param_full', 'y_train', '_all_models', 'html_param', 'fold_shuffle_param', 'fold_groups_param', 'imputation_regressor', 'prep_pipe', 'imputation_classifier', 'exp_name_log', '_internal_pipeline', 'pycaret_globals', 'fix_imbalance_param', 'experiment__', 'target_param', 'gpu_param', '_all_metrics', 'iterative_imputation_iters_param', 'fix_imbalance_method_param', 'dashboard_logger'}
2022-04-25 18:34:41,041:INFO:Preparing display monitor
2022-04-25 18:34:41,041:INFO:Preparing display monitor
2022-04-25 18:34:41,109:INFO:Importing libraries
2022-04-25 18:34:41,110:INFO:Copying data for preprocessing
2022-04-25 18:34:41,124:INFO:Declaring preprocessing parameters
2022-04-25 18:34:41,131:INFO:Creating preprocessing pipeline
2022-04-25 18:34:41,191:INFO:Preprocessing pipeline created successfully
2022-04-25 18:34:41,191:ERROR:(Process Exit): setup has been interupted with user command 'quit'. setup must rerun.
2022-04-25 18:34:41,191:INFO:Creating global containers
2022-04-25 18:34:41,195:INFO:Internal pipeline: Pipeline(memory=None, steps=[('empty_step', 'passthrough')], verbose=False)
2022-04-25 18:34:51,284:WARNING:Couldn't import catboost.CatBoostClassifier
2022-04-25 18:34:51,367:WARNING:Couldn't import catboost.CatBoostClassifier
2022-04-25 18:34:51,368:INFO:Creating grid variables
2022-04-25 18:34:51,380:INFO:create_model_container: 0
2022-04-25 18:34:51,380:INFO:master_model_container: 0
2022-04-25 18:34:51,380:INFO:display_container: 1
2022-04-25 18:34:51,384:INFO:Pipeline(memory=None,
         steps=[('dtypes',
                 DataTypes_Auto_infer(categorical_features=[],
                                      display_types=True, features_todrop=[],
                                      id_columns=[],
                                      ml_usecase='classification',
                                      numerical_features=[], target='Hazardous',
                                      time_features=[])),
                ('imputer',
                 Simple_Imputer(categorical_strategy='not_available',
                                fill_value_categorical=None,
                                fill_value_numerical=None,
                                numeric_st...
                ('scaling', 'passthrough'), ('P_transform', 'passthrough'),
                ('binn', 'passthrough'), ('rem_outliers', 'passthrough'),
                ('cluster_all', 'passthrough'),
                ('dummy', Dummify(target='Hazardous')),
                ('fix_perfect', Remove_100(target='Hazardous')),
                ('clean_names', Clean_Colum_Names()),
                ('feature_select', 'passthrough'), ('fix_multi', 'passthrough'),
                ('dfs', 'passthrough'), ('pca', 'passthrough')],
         verbose=False)
2022-04-25 18:34:51,385:INFO:setup() succesfully completed......................................
2022-04-25 18:36:17,287:INFO:Initializing compare_models()
2022-04-25 18:36:17,287:INFO:compare_models(include=None, fold=None, round=4, cross_validation=True, sort=Accuracy, n_select=1, budget_time=None, turbo=True, errors=ignore, fit_kwargs=None, groups=None, experiment_custom_tags=None, probability_threshold=None, verbose=True, display=None, exclude=['ransac'])
2022-04-25 18:36:17,287:INFO:Checking exceptions
2022-04-25 18:38:21,587:INFO:Initializing compare_models()
2022-04-25 18:38:21,587:INFO:compare_models(include=None, fold=None, round=4, cross_validation=True, sort=Accuracy, n_select=1, budget_time=None, turbo=True, errors=ignore, fit_kwargs=None, groups=None, experiment_custom_tags=None, probability_threshold=None, verbose=True, display=None, exclude=None)
2022-04-25 18:38:21,588:INFO:Checking exceptions
2022-04-25 18:38:21,588:INFO:Preparing display monitor
2022-04-25 18:38:21,588:INFO:Preparing display monitor
2022-04-25 18:38:21,616:INFO:Initializing Logistic Regression
2022-04-25 18:38:21,617:INFO:Total runtime is 2.8491020202636717e-06 minutes
2022-04-25 18:38:21,628:INFO:SubProcess create_model() called ==================================
2022-04-25 18:38:21,628:INFO:Initializing create_model()
2022-04-25 18:38:21,629:INFO:create_model(estimator=lr, fold=StratifiedKFold(n_splits=10, random_state=None, shuffle=False), round=4, cross_validation=True, predict=True, fit_kwargs={}, groups=None, refit=False, verbose=False, system=False, metrics=None, experiment_custom_tags=None, add_to_model_list=True, probability_threshold=None, display=<pycaret.internal.Display.Display object at 0x7fe1fbcaf880>, return_train_score=False, kwargs={})
2022-04-25 18:38:21,629:INFO:Checking exceptions
2022-04-25 18:38:21,629:INFO:Importing libraries
2022-04-25 18:38:21,629:INFO:Copying training dataset
2022-04-25 18:38:21,630:INFO:Defining folds
2022-04-25 18:38:21,630:INFO:Declaring metric variables
2022-04-25 18:38:21,639:INFO:Importing untrained model
2022-04-25 18:38:21,647:INFO:Logistic Regression Imported succesfully
2022-04-25 18:38:21,665:INFO:Starting cross validation
2022-04-25 18:38:21,666:INFO:Cross validating with StratifiedKFold(n_splits=10, random_state=None, shuffle=False), n_jobs=-1
2022-04-25 18:38:28,222:INFO:Calculating mean and std
2022-04-25 18:38:28,232:INFO:Creating metrics dataframe
2022-04-25 18:38:28,259:INFO:Uploading results into container
2022-04-25 18:38:28,260:INFO:Uploading model into container now
2022-04-25 18:38:28,260:INFO:create_model_container: 1
2022-04-25 18:38:28,260:INFO:master_model_container: 1
2022-04-25 18:38:28,260:INFO:display_container: 2
2022-04-25 18:38:28,262:INFO:LogisticRegression(C=1.0, class_weight=None, dual=False, fit_intercept=True,
                   intercept_scaling=1, l1_ratio=None, max_iter=1000,
                   multi_class='auto', n_jobs=None, penalty='l2',
                   random_state=123, solver='lbfgs', tol=0.0001, verbose=0,
                   warm_start=False)
2022-04-25 18:38:28,262:INFO:create_model() succesfully completed......................................
2022-04-25 18:38:28,417:INFO:SubProcess create_model() end ==================================
2022-04-25 18:38:28,417:INFO:Creating metrics dataframe
2022-04-25 18:38:28,439:INFO:Initializing K Neighbors Classifier
2022-04-25 18:38:28,439:INFO:Total runtime is 0.11371246973673503 minutes
2022-04-25 18:38:28,448:INFO:SubProcess create_model() called ==================================
2022-04-25 18:38:28,448:INFO:Initializing create_model()
2022-04-25 18:38:28,448:INFO:create_model(estimator=knn, fold=StratifiedKFold(n_splits=10, random_state=None, shuffle=False), round=4, cross_validation=True, predict=True, fit_kwargs={}, groups=None, refit=False, verbose=False, system=False, metrics=None, experiment_custom_tags=None, add_to_model_list=True, probability_threshold=None, display=<pycaret.internal.Display.Display object at 0x7fe1fbcaf880>, return_train_score=False, kwargs={})
2022-04-25 18:38:28,448:INFO:Checking exceptions
2022-04-25 18:38:28,449:INFO:Importing libraries
2022-04-25 18:38:28,449:INFO:Copying training dataset
2022-04-25 18:38:28,450:INFO:Defining folds
2022-04-25 18:38:28,451:INFO:Declaring metric variables
2022-04-25 18:38:28,458:INFO:Importing untrained model
2022-04-25 18:38:28,466:INFO:K Neighbors Classifier Imported succesfully
2022-04-25 18:38:28,482:INFO:Starting cross validation
2022-04-25 18:38:28,482:INFO:Cross validating with StratifiedKFold(n_splits=10, random_state=None, shuffle=False), n_jobs=-1
2022-04-25 18:38:30,395:INFO:Calculating mean and std
2022-04-25 18:38:30,397:INFO:Creating metrics dataframe
2022-04-25 18:38:30,404:INFO:Uploading results into container
2022-04-25 18:38:30,405:INFO:Uploading model into container now
2022-04-25 18:38:30,405:INFO:create_model_container: 2
2022-04-25 18:38:30,405:INFO:master_model_container: 2
2022-04-25 18:38:30,406:INFO:display_container: 2
2022-04-25 18:38:30,406:INFO:KNeighborsClassifier(algorithm='auto', leaf_size=30, metric='minkowski',
                     metric_params=None, n_jobs=-1, n_neighbors=5, p=2,
                     weights='uniform')
2022-04-25 18:38:30,406:INFO:create_model() succesfully completed......................................
2022-04-25 18:38:30,474:INFO:SubProcess create_model() end ==================================
2022-04-25 18:38:30,474:INFO:Creating metrics dataframe
2022-04-25 18:38:30,494:INFO:Initializing Naive Bayes
2022-04-25 18:38:30,494:INFO:Total runtime is 0.1479681690533956 minutes
2022-04-25 18:38:30,503:INFO:SubProcess create_model() called ==================================
2022-04-25 18:38:30,504:INFO:Initializing create_model()
2022-04-25 18:38:30,504:INFO:create_model(estimator=nb, fold=StratifiedKFold(n_splits=10, random_state=None, shuffle=False), round=4, cross_validation=True, predict=True, fit_kwargs={}, groups=None, refit=False, verbose=False, system=False, metrics=None, experiment_custom_tags=None, add_to_model_list=True, probability_threshold=None, display=<pycaret.internal.Display.Display object at 0x7fe1fbcaf880>, return_train_score=False, kwargs={})
2022-04-25 18:38:30,504:INFO:Checking exceptions
2022-04-25 18:38:30,504:INFO:Importing libraries
2022-04-25 18:38:30,504:INFO:Copying training dataset
2022-04-25 18:38:30,505:INFO:Defining folds
2022-04-25 18:38:30,505:INFO:Declaring metric variables
2022-04-25 18:38:30,513:INFO:Importing untrained model
2022-04-25 18:38:30,521:INFO:Naive Bayes Imported succesfully
2022-04-25 18:38:30,540:INFO:Starting cross validation
2022-04-25 18:38:30,541:INFO:Cross validating with StratifiedKFold(n_splits=10, random_state=None, shuffle=False), n_jobs=-1
2022-04-25 18:38:30,794:INFO:Calculating mean and std
2022-04-25 18:38:30,796:INFO:Creating metrics dataframe
2022-04-25 18:38:30,801:INFO:Uploading results into container
2022-04-25 18:38:30,801:INFO:Uploading model into container now
2022-04-25 18:38:30,801:INFO:create_model_container: 3
2022-04-25 18:38:30,801:INFO:master_model_container: 3
2022-04-25 18:38:30,801:INFO:display_container: 2
2022-04-25 18:38:30,801:INFO:GaussianNB(priors=None, var_smoothing=1e-09)
2022-04-25 18:38:30,801:INFO:create_model() succesfully completed......................................
2022-04-25 18:38:30,868:INFO:SubProcess create_model() end ==================================
2022-04-25 18:38:30,868:INFO:Creating metrics dataframe
2022-04-25 18:38:30,889:INFO:Initializing Decision Tree Classifier
2022-04-25 18:38:30,889:INFO:Total runtime is 0.1545405189196269 minutes
2022-04-25 18:38:30,898:INFO:SubProcess create_model() called ==================================
2022-04-25 18:38:30,898:INFO:Initializing create_model()
2022-04-25 18:38:30,898:INFO:create_model(estimator=dt, fold=StratifiedKFold(n_splits=10, random_state=None, shuffle=False), round=4, cross_validation=True, predict=True, fit_kwargs={}, groups=None, refit=False, verbose=False, system=False, metrics=None, experiment_custom_tags=None, add_to_model_list=True, probability_threshold=None, display=<pycaret.internal.Display.Display object at 0x7fe1fbcaf880>, return_train_score=False, kwargs={})
2022-04-25 18:38:30,899:INFO:Checking exceptions
2022-04-25 18:38:30,899:INFO:Importing libraries
2022-04-25 18:38:30,899:INFO:Copying training dataset
2022-04-25 18:38:30,900:INFO:Defining folds
2022-04-25 18:38:30,900:INFO:Declaring metric variables
2022-04-25 18:38:30,910:INFO:Importing untrained model
2022-04-25 18:38:30,918:INFO:Decision Tree Classifier Imported succesfully
2022-04-25 18:38:30,941:INFO:Starting cross validation
2022-04-25 18:38:30,942:INFO:Cross validating with StratifiedKFold(n_splits=10, random_state=None, shuffle=False), n_jobs=-1
2022-04-25 18:38:31,206:INFO:Calculating mean and std
2022-04-25 18:38:31,207:INFO:Creating metrics dataframe
2022-04-25 18:38:31,211:INFO:Uploading results into container
2022-04-25 18:38:31,211:INFO:Uploading model into container now
2022-04-25 18:38:31,211:INFO:create_model_container: 4
2022-04-25 18:38:31,212:INFO:master_model_container: 4
2022-04-25 18:38:31,212:INFO:display_container: 2
2022-04-25 18:38:31,212:INFO:DecisionTreeClassifier(ccp_alpha=0.0, class_weight=None, criterion='gini',
                       max_depth=None, max_features=None, max_leaf_nodes=None,
                       min_impurity_decrease=0.0, min_impurity_split=None,
                       min_samples_leaf=1, min_samples_split=2,
                       min_weight_fraction_leaf=0.0, presort='deprecated',
                       random_state=123, splitter='best')
2022-04-25 18:38:31,212:INFO:create_model() succesfully completed......................................
2022-04-25 18:38:31,274:INFO:SubProcess create_model() end ==================================
2022-04-25 18:38:31,274:INFO:Creating metrics dataframe
2022-04-25 18:38:31,293:INFO:Initializing SVM - Linear Kernel
2022-04-25 18:38:31,293:INFO:Total runtime is 0.16127127011617026 minutes
2022-04-25 18:38:31,301:INFO:SubProcess create_model() called ==================================
2022-04-25 18:38:31,301:INFO:Initializing create_model()
2022-04-25 18:38:31,301:INFO:create_model(estimator=svm, fold=StratifiedKFold(n_splits=10, random_state=None, shuffle=False), round=4, cross_validation=True, predict=True, fit_kwargs={}, groups=None, refit=False, verbose=False, system=False, metrics=None, experiment_custom_tags=None, add_to_model_list=True, probability_threshold=None, display=<pycaret.internal.Display.Display object at 0x7fe1fbcaf880>, return_train_score=False, kwargs={})
2022-04-25 18:38:31,301:INFO:Checking exceptions
2022-04-25 18:38:31,301:INFO:Importing libraries
2022-04-25 18:38:31,301:INFO:Copying training dataset
2022-04-25 18:38:31,303:INFO:Defining folds
2022-04-25 18:38:31,303:INFO:Declaring metric variables
2022-04-25 18:38:31,310:INFO:Importing untrained model
2022-04-25 18:38:31,317:INFO:SVM - Linear Kernel Imported succesfully
2022-04-25 18:38:31,333:INFO:Starting cross validation
2022-04-25 18:38:31,333:INFO:Cross validating with StratifiedKFold(n_splits=10, random_state=None, shuffle=False), n_jobs=-1
2022-04-25 18:38:31,682:INFO:Calculating mean and std
2022-04-25 18:38:31,683:INFO:Creating metrics dataframe
2022-04-25 18:38:31,688:INFO:Uploading results into container
2022-04-25 18:38:31,688:INFO:Uploading model into container now
2022-04-25 18:38:31,688:INFO:create_model_container: 5
2022-04-25 18:38:31,688:INFO:master_model_container: 5
2022-04-25 18:38:31,688:INFO:display_container: 2
2022-04-25 18:38:31,688:INFO:SGDClassifier(alpha=0.0001, average=False, class_weight=None,
              early_stopping=False, epsilon=0.1, eta0=0.001, fit_intercept=True,
              l1_ratio=0.15, learning_rate='optimal', loss='hinge',
              max_iter=1000, n_iter_no_change=5, n_jobs=-1, penalty='l2',
              power_t=0.5, random_state=123, shuffle=True, tol=0.001,
              validation_fraction=0.1, verbose=0, warm_start=False)
2022-04-25 18:38:31,689:INFO:create_model() succesfully completed......................................
2022-04-25 18:38:31,750:INFO:SubProcess create_model() end ==================================
2022-04-25 18:38:31,751:INFO:Creating metrics dataframe
2022-04-25 18:38:31,770:INFO:Initializing Ridge Classifier
2022-04-25 18:38:31,770:INFO:Total runtime is 0.1692245165506999 minutes
2022-04-25 18:38:31,778:INFO:SubProcess create_model() called ==================================
2022-04-25 18:38:31,778:INFO:Initializing create_model()
2022-04-25 18:38:31,778:INFO:create_model(estimator=ridge, fold=StratifiedKFold(n_splits=10, random_state=None, shuffle=False), round=4, cross_validation=True, predict=True, fit_kwargs={}, groups=None, refit=False, verbose=False, system=False, metrics=None, experiment_custom_tags=None, add_to_model_list=True, probability_threshold=None, display=<pycaret.internal.Display.Display object at 0x7fe1fbcaf880>, return_train_score=False, kwargs={})
2022-04-25 18:38:31,778:INFO:Checking exceptions
2022-04-25 18:38:31,778:INFO:Importing libraries
2022-04-25 18:38:31,779:INFO:Copying training dataset
2022-04-25 18:38:31,780:INFO:Defining folds
2022-04-25 18:38:31,780:INFO:Declaring metric variables
2022-04-25 18:38:31,787:INFO:Importing untrained model
2022-04-25 18:38:31,796:INFO:Ridge Classifier Imported succesfully
2022-04-25 18:38:31,813:INFO:Starting cross validation
2022-04-25 18:38:31,813:INFO:Cross validating with StratifiedKFold(n_splits=10, random_state=None, shuffle=False), n_jobs=-1
2022-04-25 18:38:31,958:INFO:Calculating mean and std
2022-04-25 18:38:31,959:INFO:Creating metrics dataframe
2022-04-25 18:38:31,974:INFO:Uploading results into container
2022-04-25 18:38:31,974:INFO:Uploading model into container now
2022-04-25 18:38:31,975:INFO:create_model_container: 6
2022-04-25 18:38:31,975:INFO:master_model_container: 6
2022-04-25 18:38:31,975:INFO:display_container: 2
2022-04-25 18:38:31,975:INFO:RidgeClassifier(alpha=1.0, class_weight=None, copy_X=True, fit_intercept=True,
                max_iter=None, normalize=False, random_state=123, solver='auto',
                tol=0.001)
2022-04-25 18:38:31,976:INFO:create_model() succesfully completed......................................
2022-04-25 18:38:32,053:INFO:SubProcess create_model() end ==================================
2022-04-25 18:38:32,053:INFO:Creating metrics dataframe
2022-04-25 18:38:32,074:INFO:Initializing Random Forest Classifier
2022-04-25 18:38:32,074:INFO:Total runtime is 0.17428975502649946 minutes
2022-04-25 18:38:32,082:INFO:SubProcess create_model() called ==================================
2022-04-25 18:38:32,083:INFO:Initializing create_model()
2022-04-25 18:38:32,083:INFO:create_model(estimator=rf, fold=StratifiedKFold(n_splits=10, random_state=None, shuffle=False), round=4, cross_validation=True, predict=True, fit_kwargs={}, groups=None, refit=False, verbose=False, system=False, metrics=None, experiment_custom_tags=None, add_to_model_list=True, probability_threshold=None, display=<pycaret.internal.Display.Display object at 0x7fe1fbcaf880>, return_train_score=False, kwargs={})
2022-04-25 18:38:32,083:INFO:Checking exceptions
2022-04-25 18:38:32,083:INFO:Importing libraries
2022-04-25 18:38:32,083:INFO:Copying training dataset
2022-04-25 18:38:32,084:INFO:Defining folds
2022-04-25 18:38:32,085:INFO:Declaring metric variables
2022-04-25 18:38:32,092:INFO:Importing untrained model
2022-04-25 18:38:32,100:INFO:Random Forest Classifier Imported succesfully
2022-04-25 18:38:32,117:INFO:Starting cross validation
2022-04-25 18:38:32,118:INFO:Cross validating with StratifiedKFold(n_splits=10, random_state=None, shuffle=False), n_jobs=-1
2022-04-25 18:38:33,104:INFO:Calculating mean and std
2022-04-25 18:38:33,105:INFO:Creating metrics dataframe
2022-04-25 18:38:33,110:INFO:Uploading results into container
2022-04-25 18:38:33,110:INFO:Uploading model into container now
2022-04-25 18:38:33,110:INFO:create_model_container: 7
2022-04-25 18:38:33,110:INFO:master_model_container: 7
2022-04-25 18:38:33,110:INFO:display_container: 2
2022-04-25 18:38:33,110:INFO:RandomForestClassifier(bootstrap=True, ccp_alpha=0.0, class_weight=None,
                       criterion='gini', max_depth=None, max_features='auto',
                       max_leaf_nodes=None, max_samples=None,
                       min_impurity_decrease=0.0, min_impurity_split=None,
                       min_samples_leaf=1, min_samples_split=2,
                       min_weight_fraction_leaf=0.0, n_estimators=100,
                       n_jobs=-1, oob_score=False, random_state=123, verbose=0,
                       warm_start=False)
2022-04-25 18:38:33,111:INFO:create_model() succesfully completed......................................
2022-04-25 18:38:33,173:INFO:SubProcess create_model() end ==================================
2022-04-25 18:38:33,173:INFO:Creating metrics dataframe
2022-04-25 18:38:33,192:INFO:Initializing Quadratic Discriminant Analysis
2022-04-25 18:38:33,192:INFO:Total runtime is 0.19293348789215092 minutes
2022-04-25 18:38:33,200:INFO:SubProcess create_model() called ==================================
2022-04-25 18:38:33,201:INFO:Initializing create_model()
2022-04-25 18:38:33,201:INFO:create_model(estimator=qda, fold=StratifiedKFold(n_splits=10, random_state=None, shuffle=False), round=4, cross_validation=True, predict=True, fit_kwargs={}, groups=None, refit=False, verbose=False, system=False, metrics=None, experiment_custom_tags=None, add_to_model_list=True, probability_threshold=None, display=<pycaret.internal.Display.Display object at 0x7fe1fbcaf880>, return_train_score=False, kwargs={})
2022-04-25 18:38:33,201:INFO:Checking exceptions
2022-04-25 18:38:33,202:INFO:Importing libraries
2022-04-25 18:38:33,202:INFO:Copying training dataset
2022-04-25 18:38:33,203:INFO:Defining folds
2022-04-25 18:38:33,203:INFO:Declaring metric variables
2022-04-25 18:38:33,210:INFO:Importing untrained model
2022-04-25 18:38:33,218:INFO:Quadratic Discriminant Analysis Imported succesfully
2022-04-25 18:38:33,233:INFO:Starting cross validation
2022-04-25 18:38:33,234:INFO:Cross validating with StratifiedKFold(n_splits=10, random_state=None, shuffle=False), n_jobs=-1
2022-04-25 18:38:33,478:INFO:Calculating mean and std
2022-04-25 18:38:33,479:INFO:Creating metrics dataframe
2022-04-25 18:38:33,484:INFO:Uploading results into container
2022-04-25 18:38:33,484:INFO:Uploading model into container now
2022-04-25 18:38:33,484:INFO:create_model_container: 8
2022-04-25 18:38:33,484:INFO:master_model_container: 8
2022-04-25 18:38:33,484:INFO:display_container: 2
2022-04-25 18:38:33,485:INFO:QuadraticDiscriminantAnalysis(priors=None, reg_param=0.0,
                              store_covariance=False, tol=0.0001)
2022-04-25 18:38:33,485:INFO:create_model() succesfully completed......................................
2022-04-25 18:38:33,548:INFO:SubProcess create_model() end ==================================
2022-04-25 18:38:33,548:INFO:Creating metrics dataframe
2022-04-25 18:38:33,569:INFO:Initializing Ada Boost Classifier
2022-04-25 18:38:33,569:INFO:Total runtime is 0.19921678702036544 minutes
2022-04-25 18:38:33,578:INFO:SubProcess create_model() called ==================================
2022-04-25 18:38:33,578:INFO:Initializing create_model()
2022-04-25 18:38:33,578:INFO:create_model(estimator=ada, fold=StratifiedKFold(n_splits=10, random_state=None, shuffle=False), round=4, cross_validation=True, predict=True, fit_kwargs={}, groups=None, refit=False, verbose=False, system=False, metrics=None, experiment_custom_tags=None, add_to_model_list=True, probability_threshold=None, display=<pycaret.internal.Display.Display object at 0x7fe1fbcaf880>, return_train_score=False, kwargs={})
2022-04-25 18:38:33,578:INFO:Checking exceptions
2022-04-25 18:38:33,579:INFO:Importing libraries
2022-04-25 18:38:33,579:INFO:Copying training dataset
2022-04-25 18:38:33,580:INFO:Defining folds
2022-04-25 18:38:33,580:INFO:Declaring metric variables
2022-04-25 18:38:33,588:INFO:Importing untrained model
2022-04-25 18:38:33,596:INFO:Ada Boost Classifier Imported succesfully
2022-04-25 18:38:33,610:INFO:Starting cross validation
2022-04-25 18:38:33,611:INFO:Cross validating with StratifiedKFold(n_splits=10, random_state=None, shuffle=False), n_jobs=-1
2022-04-25 18:38:34,341:INFO:Calculating mean and std
2022-04-25 18:38:34,342:INFO:Creating metrics dataframe
2022-04-25 18:38:34,347:INFO:Uploading results into container
2022-04-25 18:38:34,347:INFO:Uploading model into container now
2022-04-25 18:38:34,347:INFO:create_model_container: 9
2022-04-25 18:38:34,347:INFO:master_model_container: 9
2022-04-25 18:38:34,347:INFO:display_container: 2
2022-04-25 18:38:34,348:INFO:AdaBoostClassifier(algorithm='SAMME.R', base_estimator=None, learning_rate=1.0,
                   n_estimators=50, random_state=123)
2022-04-25 18:38:34,348:INFO:create_model() succesfully completed......................................
2022-04-25 18:38:34,411:INFO:SubProcess create_model() end ==================================
2022-04-25 18:38:34,411:INFO:Creating metrics dataframe
2022-04-25 18:38:34,432:INFO:Initializing Gradient Boosting Classifier
2022-04-25 18:38:34,432:INFO:Total runtime is 0.21359313726425175 minutes
2022-04-25 18:38:34,441:INFO:SubProcess create_model() called ==================================
2022-04-25 18:38:34,441:INFO:Initializing create_model()
2022-04-25 18:38:34,441:INFO:create_model(estimator=gbc, fold=StratifiedKFold(n_splits=10, random_state=None, shuffle=False), round=4, cross_validation=True, predict=True, fit_kwargs={}, groups=None, refit=False, verbose=False, system=False, metrics=None, experiment_custom_tags=None, add_to_model_list=True, probability_threshold=None, display=<pycaret.internal.Display.Display object at 0x7fe1fbcaf880>, return_train_score=False, kwargs={})
2022-04-25 18:38:34,441:INFO:Checking exceptions
2022-04-25 18:38:34,441:INFO:Importing libraries
2022-04-25 18:38:34,441:INFO:Copying training dataset
2022-04-25 18:38:34,442:INFO:Defining folds
2022-04-25 18:38:34,443:INFO:Declaring metric variables
2022-04-25 18:38:34,450:INFO:Importing untrained model
2022-04-25 18:38:34,513:INFO:Gradient Boosting Classifier Imported succesfully
2022-04-25 18:38:34,569:INFO:Starting cross validation
2022-04-25 18:38:34,570:INFO:Cross validating with StratifiedKFold(n_splits=10, random_state=None, shuffle=False), n_jobs=-1
2022-04-25 18:38:36,700:INFO:Calculating mean and std
2022-04-25 18:38:36,702:INFO:Creating metrics dataframe
2022-04-25 18:38:36,707:INFO:Uploading results into container
2022-04-25 18:38:36,708:INFO:Uploading model into container now
2022-04-25 18:38:36,708:INFO:create_model_container: 10
2022-04-25 18:38:36,708:INFO:master_model_container: 10
2022-04-25 18:38:36,708:INFO:display_container: 2
2022-04-25 18:38:36,708:INFO:GradientBoostingClassifier(ccp_alpha=0.0, criterion='friedman_mse', init=None,
                           learning_rate=0.1, loss='deviance', max_depth=3,
                           max_features=None, max_leaf_nodes=None,
                           min_impurity_decrease=0.0, min_impurity_split=None,
                           min_samples_leaf=1, min_samples_split=2,
                           min_weight_fraction_leaf=0.0, n_estimators=100,
                           n_iter_no_change=None, presort='deprecated',
                           random_state=123, subsample=1.0, tol=0.0001,
                           validation_fraction=0.1, verbose=0,
                           warm_start=False)
2022-04-25 18:38:36,708:INFO:create_model() succesfully completed......................................
2022-04-25 18:38:36,771:INFO:SubProcess create_model() end ==================================
2022-04-25 18:38:36,771:INFO:Creating metrics dataframe
2022-04-25 18:38:36,791:INFO:Initializing Linear Discriminant Analysis
2022-04-25 18:38:36,791:INFO:Total runtime is 0.2529058694839478 minutes
2022-04-25 18:38:36,799:INFO:SubProcess create_model() called ==================================
2022-04-25 18:38:36,799:INFO:Initializing create_model()
2022-04-25 18:38:36,799:INFO:create_model(estimator=lda, fold=StratifiedKFold(n_splits=10, random_state=None, shuffle=False), round=4, cross_validation=True, predict=True, fit_kwargs={}, groups=None, refit=False, verbose=False, system=False, metrics=None, experiment_custom_tags=None, add_to_model_list=True, probability_threshold=None, display=<pycaret.internal.Display.Display object at 0x7fe1fbcaf880>, return_train_score=False, kwargs={})
2022-04-25 18:38:36,799:INFO:Checking exceptions
2022-04-25 18:38:36,799:INFO:Importing libraries
2022-04-25 18:38:36,799:INFO:Copying training dataset
2022-04-25 18:38:36,800:INFO:Defining folds
2022-04-25 18:38:36,800:INFO:Declaring metric variables
2022-04-25 18:38:36,808:INFO:Importing untrained model
2022-04-25 18:38:36,815:INFO:Linear Discriminant Analysis Imported succesfully
2022-04-25 18:38:36,831:INFO:Starting cross validation
2022-04-25 18:38:36,831:INFO:Cross validating with StratifiedKFold(n_splits=10, random_state=None, shuffle=False), n_jobs=-1
2022-04-25 18:38:37,181:INFO:Calculating mean and std
2022-04-25 18:38:37,182:INFO:Creating metrics dataframe
2022-04-25 18:38:37,187:INFO:Uploading results into container
2022-04-25 18:38:37,187:INFO:Uploading model into container now
2022-04-25 18:38:37,187:INFO:create_model_container: 11
2022-04-25 18:38:37,187:INFO:master_model_container: 11
2022-04-25 18:38:37,187:INFO:display_container: 2
2022-04-25 18:38:37,187:INFO:LinearDiscriminantAnalysis(n_components=None, priors=None, shrinkage=None,
                           solver='svd', store_covariance=False, tol=0.0001)
2022-04-25 18:38:37,188:INFO:create_model() succesfully completed......................................
2022-04-25 18:38:37,249:INFO:SubProcess create_model() end ==================================
2022-04-25 18:38:37,249:INFO:Creating metrics dataframe
2022-04-25 18:38:37,270:INFO:Initializing Extra Trees Classifier
2022-04-25 18:38:37,270:INFO:Total runtime is 0.26088805198669435 minutes
2022-04-25 18:38:37,277:INFO:SubProcess create_model() called ==================================
2022-04-25 18:38:37,277:INFO:Initializing create_model()
2022-04-25 18:38:37,278:INFO:create_model(estimator=et, fold=StratifiedKFold(n_splits=10, random_state=None, shuffle=False), round=4, cross_validation=True, predict=True, fit_kwargs={}, groups=None, refit=False, verbose=False, system=False, metrics=None, experiment_custom_tags=None, add_to_model_list=True, probability_threshold=None, display=<pycaret.internal.Display.Display object at 0x7fe1fbcaf880>, return_train_score=False, kwargs={})
2022-04-25 18:38:37,278:INFO:Checking exceptions
2022-04-25 18:38:37,278:INFO:Importing libraries
2022-04-25 18:38:37,278:INFO:Copying training dataset
2022-04-25 18:38:37,279:INFO:Defining folds
2022-04-25 18:38:37,279:INFO:Declaring metric variables
2022-04-25 18:38:37,286:INFO:Importing untrained model
2022-04-25 18:38:37,293:INFO:Extra Trees Classifier Imported succesfully
2022-04-25 18:38:37,309:INFO:Starting cross validation
2022-04-25 18:38:37,309:INFO:Cross validating with StratifiedKFold(n_splits=10, random_state=None, shuffle=False), n_jobs=-1
2022-04-25 18:38:38,387:INFO:Calculating mean and std
2022-04-25 18:38:38,388:INFO:Creating metrics dataframe
2022-04-25 18:38:38,394:INFO:Uploading results into container
2022-04-25 18:38:38,394:INFO:Uploading model into container now
2022-04-25 18:38:38,394:INFO:create_model_container: 12
2022-04-25 18:38:38,394:INFO:master_model_container: 12
2022-04-25 18:38:38,394:INFO:display_container: 2
2022-04-25 18:38:38,395:INFO:ExtraTreesClassifier(bootstrap=False, ccp_alpha=0.0, class_weight=None,
                     criterion='gini', max_depth=None, max_features='auto',
                     max_leaf_nodes=None, max_samples=None,
                     min_impurity_decrease=0.0, min_impurity_split=None,
                     min_samples_leaf=1, min_samples_split=2,
                     min_weight_fraction_leaf=0.0, n_estimators=100, n_jobs=-1,
                     oob_score=False, random_state=123, verbose=0,
                     warm_start=False)
2022-04-25 18:38:38,395:INFO:create_model() succesfully completed......................................
2022-04-25 18:38:38,465:INFO:SubProcess create_model() end ==================================
2022-04-25 18:38:38,465:INFO:Creating metrics dataframe
2022-04-25 18:38:38,488:INFO:Initializing Extreme Gradient Boosting
2022-04-25 18:38:38,488:INFO:Total runtime is 0.2811954696973165 minutes
2022-04-25 18:38:38,496:INFO:SubProcess create_model() called ==================================
2022-04-25 18:38:38,497:INFO:Initializing create_model()
2022-04-25 18:38:38,497:INFO:create_model(estimator=xgboost, fold=StratifiedKFold(n_splits=10, random_state=None, shuffle=False), round=4, cross_validation=True, predict=True, fit_kwargs={}, groups=None, refit=False, verbose=False, system=False, metrics=None, experiment_custom_tags=None, add_to_model_list=True, probability_threshold=None, display=<pycaret.internal.Display.Display object at 0x7fe1fbcaf880>, return_train_score=False, kwargs={})
2022-04-25 18:38:38,497:INFO:Checking exceptions
2022-04-25 18:38:38,497:INFO:Importing libraries
2022-04-25 18:38:38,497:INFO:Copying training dataset
2022-04-25 18:38:38,498:INFO:Defining folds
2022-04-25 18:38:38,499:INFO:Declaring metric variables
2022-04-25 18:38:38,507:INFO:Importing untrained model
2022-04-25 18:38:38,515:INFO:Extreme Gradient Boosting Imported succesfully
2022-04-25 18:38:38,532:INFO:Starting cross validation
2022-04-25 18:38:38,534:INFO:Cross validating with StratifiedKFold(n_splits=10, random_state=None, shuffle=False), n_jobs=-1
2022-04-25 18:38:41,184:INFO:Calculating mean and std
2022-04-25 18:38:41,186:INFO:Creating metrics dataframe
2022-04-25 18:38:41,192:INFO:Uploading results into container
2022-04-25 18:38:41,192:INFO:Uploading model into container now
2022-04-25 18:38:41,192:INFO:create_model_container: 13
2022-04-25 18:38:41,192:INFO:master_model_container: 13
2022-04-25 18:38:41,192:INFO:display_container: 2
2022-04-25 18:38:41,193:INFO:XGBClassifier(base_score=None, booster='gbtree', colsample_bylevel=None,
              colsample_bynode=None, colsample_bytree=None,
              enable_categorical=False, gamma=None, gpu_id=None,
              importance_type=None, interaction_constraints=None,
              learning_rate=None, max_delta_step=None, max_depth=None,
              min_child_weight=None, missing=nan, monotone_constraints=None,
              n_estimators=100, n_jobs=-1, num_parallel_tree=None,
              objective='binary:logistic', predictor=None, random_state=123,
              reg_alpha=None, reg_lambda=None, scale_pos_weight=None,
              subsample=None, tree_method='auto', use_label_encoder=True,
              validate_parameters=None, verbosity=0)
2022-04-25 18:38:41,193:INFO:create_model() succesfully completed......................................
2022-04-25 18:38:41,268:INFO:SubProcess create_model() end ==================================
2022-04-25 18:38:41,268:INFO:Creating metrics dataframe
2022-04-25 18:38:41,289:INFO:Initializing Light Gradient Boosting Machine
2022-04-25 18:38:41,289:INFO:Total runtime is 0.32787288427352906 minutes
2022-04-25 18:38:41,296:INFO:SubProcess create_model() called ==================================
2022-04-25 18:38:41,296:INFO:Initializing create_model()
2022-04-25 18:38:41,296:INFO:create_model(estimator=lightgbm, fold=StratifiedKFold(n_splits=10, random_state=None, shuffle=False), round=4, cross_validation=True, predict=True, fit_kwargs={}, groups=None, refit=False, verbose=False, system=False, metrics=None, experiment_custom_tags=None, add_to_model_list=True, probability_threshold=None, display=<pycaret.internal.Display.Display object at 0x7fe1fbcaf880>, return_train_score=False, kwargs={})
2022-04-25 18:38:41,296:INFO:Checking exceptions
2022-04-25 18:38:41,297:INFO:Importing libraries
2022-04-25 18:38:41,297:INFO:Copying training dataset
2022-04-25 18:38:41,298:INFO:Defining folds
2022-04-25 18:38:41,298:INFO:Declaring metric variables
2022-04-25 18:38:41,305:INFO:Importing untrained model
2022-04-25 18:38:41,313:INFO:Light Gradient Boosting Machine Imported succesfully
2022-04-25 18:38:41,329:INFO:Starting cross validation
2022-04-25 18:38:41,329:INFO:Cross validating with StratifiedKFold(n_splits=10, random_state=None, shuffle=False), n_jobs=-1
2022-04-25 18:38:49,910:INFO:Calculating mean and std
2022-04-25 18:38:49,913:INFO:Creating metrics dataframe
2022-04-25 18:38:49,919:INFO:Uploading results into container
2022-04-25 18:38:49,919:INFO:Uploading model into container now
2022-04-25 18:38:49,919:INFO:create_model_container: 14
2022-04-25 18:38:49,920:INFO:master_model_container: 14
2022-04-25 18:38:49,920:INFO:display_container: 2
2022-04-25 18:38:49,920:INFO:LGBMClassifier(boosting_type='gbdt', class_weight=None, colsample_bytree=1.0,
               importance_type='split', learning_rate=0.1, max_depth=-1,
               min_child_samples=20, min_child_weight=0.001, min_split_gain=0.0,
               n_estimators=100, n_jobs=-1, num_leaves=31, objective=None,
               random_state=123, reg_alpha=0.0, reg_lambda=0.0, silent='warn',
               subsample=1.0, subsample_for_bin=200000, subsample_freq=0)
2022-04-25 18:38:49,920:INFO:create_model() succesfully completed......................................
2022-04-25 18:38:49,990:INFO:SubProcess create_model() end ==================================
2022-04-25 18:38:49,990:INFO:Creating metrics dataframe
2022-04-25 18:38:50,011:INFO:Initializing Dummy Classifier
2022-04-25 18:38:50,011:INFO:Total runtime is 0.4732415199279785 minutes
2022-04-25 18:38:50,019:INFO:SubProcess create_model() called ==================================
2022-04-25 18:38:50,019:INFO:Initializing create_model()
2022-04-25 18:38:50,019:INFO:create_model(estimator=dummy, fold=StratifiedKFold(n_splits=10, random_state=None, shuffle=False), round=4, cross_validation=True, predict=True, fit_kwargs={}, groups=None, refit=False, verbose=False, system=False, metrics=None, experiment_custom_tags=None, add_to_model_list=True, probability_threshold=None, display=<pycaret.internal.Display.Display object at 0x7fe1fbcaf880>, return_train_score=False, kwargs={})
2022-04-25 18:38:50,019:INFO:Checking exceptions
2022-04-25 18:38:50,020:INFO:Importing libraries
2022-04-25 18:38:50,020:INFO:Copying training dataset
2022-04-25 18:38:50,021:INFO:Defining folds
2022-04-25 18:38:50,021:INFO:Declaring metric variables
2022-04-25 18:38:50,027:INFO:Importing untrained model
2022-04-25 18:38:50,035:INFO:Dummy Classifier Imported succesfully
2022-04-25 18:38:50,051:INFO:Starting cross validation
2022-04-25 18:38:50,052:INFO:Cross validating with StratifiedKFold(n_splits=10, random_state=None, shuffle=False), n_jobs=-1
2022-04-25 18:38:50,239:INFO:Calculating mean and std
2022-04-25 18:38:50,240:INFO:Creating metrics dataframe
2022-04-25 18:38:50,245:INFO:Uploading results into container
2022-04-25 18:38:50,245:INFO:Uploading model into container now
2022-04-25 18:38:50,245:INFO:create_model_container: 15
2022-04-25 18:38:50,245:INFO:master_model_container: 15
2022-04-25 18:38:50,245:INFO:display_container: 2
2022-04-25 18:38:50,245:INFO:DummyClassifier(constant=None, random_state=123, strategy='prior')
2022-04-25 18:38:50,245:INFO:create_model() succesfully completed......................................
2022-04-25 18:38:50,307:INFO:SubProcess create_model() end ==================================
2022-04-25 18:38:50,307:INFO:Creating metrics dataframe
2022-04-25 18:38:50,348:INFO:Initializing create_model()
2022-04-25 18:38:50,348:INFO:create_model(estimator=XGBClassifier(base_score=None, booster='gbtree', colsample_bylevel=None,
              colsample_bynode=None, colsample_bytree=None,
              enable_categorical=False, gamma=None, gpu_id=None,
              importance_type=None, interaction_constraints=None,
              learning_rate=None, max_delta_step=None, max_depth=None,
              min_child_weight=None, missing=nan, monotone_constraints=None,
              n_estimators=100, n_jobs=-1, num_parallel_tree=None,
              objective='binary:logistic', predictor=None, random_state=123,
              reg_alpha=None, reg_lambda=None, scale_pos_weight=None,
              subsample=None, tree_method='auto', use_label_encoder=True,
              validate_parameters=None, verbosity=0), fold=StratifiedKFold(n_splits=10, random_state=None, shuffle=False), round=4, cross_validation=False, predict=False, fit_kwargs={}, groups=None, refit=True, verbose=False, system=False, metrics=None, experiment_custom_tags=None, add_to_model_list=True, probability_threshold=None, display=None, return_train_score=False, kwargs={})
2022-04-25 18:38:50,348:INFO:Checking exceptions
2022-04-25 18:38:50,348:INFO:Importing libraries
2022-04-25 18:38:50,348:INFO:Copying training dataset
2022-04-25 18:38:50,349:INFO:Defining folds
2022-04-25 18:38:50,349:INFO:Declaring metric variables
2022-04-25 18:38:50,349:INFO:Importing untrained model
2022-04-25 18:38:50,349:INFO:Declaring custom model
2022-04-25 18:38:50,351:INFO:Extreme Gradient Boosting Imported succesfully
2022-04-25 18:38:50,352:INFO:Cross validation set to False
2022-04-25 18:38:50,353:INFO:Fitting Model
2022-04-25 18:38:50,659:INFO:XGBClassifier(base_score=0.5, booster='gbtree', colsample_bylevel=1,
              colsample_bynode=1, colsample_bytree=1, enable_categorical=False,
              gamma=0, gpu_id=-1, importance_type=None,
              interaction_constraints='', learning_rate=0.300000012,
              max_delta_step=0, max_depth=6, min_child_weight=1, missing=nan,
              monotone_constraints='()', n_estimators=100, n_jobs=-1,
              num_parallel_tree=1, objective='binary:logistic',
              predictor='auto', random_state=123, reg_alpha=0, reg_lambda=1,
              scale_pos_weight=1, subsample=1, tree_method='auto',
              use_label_encoder=True, validate_parameters=1, verbosity=0)
2022-04-25 18:38:50,659:INFO:create_models() succesfully completed......................................
2022-04-25 18:38:50,783:INFO:create_model_container: 15
2022-04-25 18:38:50,783:INFO:master_model_container: 15
2022-04-25 18:38:50,783:INFO:display_container: 2
2022-04-25 18:38:50,786:INFO:XGBClassifier(base_score=0.5, booster='gbtree', colsample_bylevel=1,
              colsample_bynode=1, colsample_bytree=1, enable_categorical=False,
              gamma=0, gpu_id=-1, importance_type=None,
              interaction_constraints='', learning_rate=0.300000012,
              max_delta_step=0, max_depth=6, min_child_weight=1, missing=nan,
              monotone_constraints='()', n_estimators=100, n_jobs=-1,
              num_parallel_tree=1, objective='binary:logistic',
              predictor='auto', random_state=123, reg_alpha=0, reg_lambda=1,
              scale_pos_weight=1, subsample=1, tree_method='auto',
              use_label_encoder=True, validate_parameters=1, verbosity=0)
2022-04-25 18:38:50,786:INFO:compare_models() succesfully completed......................................
2022-04-25 18:53:56,099:INFO:gpu_param set to False
2022-04-25 18:53:56,203:WARNING:Couldn't import catboost.CatBoostClassifier
2022-04-25 18:54:15,040:INFO:gpu_param set to False
2022-04-25 18:54:15,132:WARNING:Couldn't import catboost.CatBoostClassifier
2022-04-25 18:56:04,132:INFO:gpu_param set to False
2022-04-25 18:56:04,239:WARNING:Couldn't import catboost.CatBoostClassifier
2022-04-25 18:56:04,241:INFO:gpu_param set to False
2022-04-25 18:56:04,323:WARNING:Couldn't import catboost.CatBoostClassifier
